Determining if the pthread_create exist failed with the following output:
Change Dir: /home/hding15/ar_ws/build/CMakeFiles/CMakeTmp

Run Build Command:"/usr/bin/make" "cmTC_cfbdf/fast"
/usr/bin/make -f CMakeFiles/cmTC_cfbdf.dir/build.make CMakeFiles/cmTC_cfbdf.dir/build
make[1]: Entering directory '/home/hding15/ar_ws/build/CMakeFiles/CMakeTmp'
Building C object CMakeFiles/cmTC_cfbdf.dir/CheckSymbolExists.c.o
/usr/bin/cc    -o CMakeFiles/cmTC_cfbdf.dir/CheckSymbolExists.c.o   -c /home/hding15/ar_ws/build/CMakeFiles/CMakeTmp/CheckSymbolExists.c
Linking C executable cmTC_cfbdf
/usr/bin/cmake -E cmake_link_script CMakeFiles/cmTC_cfbdf.dir/link.txt --verbose=1
/usr/bin/cc      -rdynamic CMakeFiles/cmTC_cfbdf.dir/CheckSymbolExists.c.o  -o cmTC_cfbdf 
CMakeFiles/cmTC_cfbdf.dir/CheckSymbolExists.c.o: In function `main':
CheckSymbolExists.c:(.text+0x1b): undefined reference to `pthread_create'
collect2: error: ld returned 1 exit status
CMakeFiles/cmTC_cfbdf.dir/build.make:97: recipe for target 'cmTC_cfbdf' failed
make[1]: *** [cmTC_cfbdf] Error 1
make[1]: Leaving directory '/home/hding15/ar_ws/build/CMakeFiles/CMakeTmp'
Makefile:126: recipe for target 'cmTC_cfbdf/fast' failed
make: *** [cmTC_cfbdf/fast] Error 2

File /home/hding15/ar_ws/build/CMakeFiles/CMakeTmp/CheckSymbolExists.c:
/* */
#include <pthread.h>

int main(int argc, char** argv)
{
  (void)argv;
#ifndef pthread_create
  return ((int*)(&pthread_create))[argc];
#else
  (void)argc;
  return 0;
#endif
}

Determining if the function pthread_create exists in the pthreads failed with the following output:
Change Dir: /home/hding15/ar_ws/build/CMakeFiles/CMakeTmp

Run Build Command:"/usr/bin/make" "cmTC_e7784/fast"
/usr/bin/make -f CMakeFiles/cmTC_e7784.dir/build.make CMakeFiles/cmTC_e7784.dir/build
make[1]: Entering directory '/home/hding15/ar_ws/build/CMakeFiles/CMakeTmp'
Building C object CMakeFiles/cmTC_e7784.dir/CheckFunctionExists.c.o
/usr/bin/cc   -DCHECK_FUNCTION_EXISTS=pthread_create   -o CMakeFiles/cmTC_e7784.dir/CheckFunctionExists.c.o   -c /usr/share/cmake-3.10/Modules/CheckFunctionExists.c
Linking C executable cmTC_e7784
/usr/bin/cmake -E cmake_link_script CMakeFiles/cmTC_e7784.dir/link.txt --verbose=1
/usr/bin/cc  -DCHECK_FUNCTION_EXISTS=pthread_create    -rdynamic CMakeFiles/cmTC_e7784.dir/CheckFunctionExists.c.o  -o cmTC_e7784 -lpthreads 
/usr/bin/ld: cannot find -lpthreads
collect2: error: ld returned 1 exit status
CMakeFiles/cmTC_e7784.dir/build.make:97: recipe for target 'cmTC_e7784' failed
make[1]: *** [cmTC_e7784] Error 1
make[1]: Leaving directory '/home/hding15/ar_ws/build/CMakeFiles/CMakeTmp'
Makefile:126: recipe for target 'cmTC_e7784/fast' failed
make: *** [cmTC_e7784/fast] Error 2


